2025-12-25 22:09:02,838 - INFO - Пользователь выбрал главный пункт меню: 1
2025-12-25 22:23:59,158 - INFO - Пользователь выбрал главный пункт меню: 1
2025-12-25 22:24:02,458 - INFO - task1: выбран пункт 2
2025-12-25 22:24:08,174 - INFO - Массивы сгенерированы случайно
2025-12-25 22:24:11,788 - INFO - task1: выбран пункт 3
2025-12-25 22:24:11,788 - ERROR - Массивы не заданы
2025-12-25 22:24:15,325 - INFO - task1: выбран пункт 2
2025-12-25 22:24:17,343 - INFO - Массивы сгенерированы случайно
2025-12-25 22:24:20,176 - INFO - task1: выбран пункт 4
2025-12-25 22:24:20,176 - INFO - Результат показан
2025-12-25 22:24:26,076 - INFO - task1: выбран пункт 4
2025-12-25 22:24:26,076 - INFO - Результат показан
2025-12-25 22:24:27,626 - INFO - task1: выбран пункт 3
2025-12-25 22:24:27,626 - ERROR - Массивы не заданы
2025-12-25 22:25:34,203 - INFO - Пользователь выбрал главный пункт меню: 1
2025-12-25 22:25:37,791 - INFO - task1: выбран пункт 2
2025-12-25 22:25:39,730 - INFO - Массивы сгенерированы случайно
2025-12-25 22:25:41,775 - INFO - task1: выбран пункт 3
2025-12-25 22:25:41,776 - ERROR - Массивы не заданы
2025-12-25 22:28:17,624 - INFO - Пользователь выбрал главный пункт меню: 1
2025-12-25 22:28:38,512 - INFO - Пользователь выбрал главный пункт меню: 1
2025-12-25 22:30:55,638 - INFO - Пользователь выбрал главный пункт меню: 1
2025-12-25 22:30:58,935 - INFO - task1: выбран пункт 2
2025-12-25 22:32:52,812 - INFO - Пользователь выбрал главный пункт меню: 1
2025-12-25 22:32:54,333 - INFO - task1: выбран пункт 2
2025-12-25 22:32:55,139 - INFO - Массивы сгенерированы случайно
2025-12-25 22:32:57,450 - INFO - task1: выбран пункт 3
2025-12-25 22:32:57,450 - INFO - Подсчёт выполнен
2025-12-25 22:33:01,084 - INFO - task1: выбран пункт 4
2025-12-25 22:33:01,086 - INFO - Результат показан
2025-12-25 22:33:06,922 - INFO - task1: выбран пункт 5
2025-12-25 22:33:06,922 - INFO - Возврат в главное меню
2025-12-25 22:42:14,179 - INFO - Пользователь выбрал главный пункт меню: 1
2025-12-25 22:42:17,138 - INFO - task1: выбран пункт 1
2025-12-25 22:43:54,730 - INFO - task1: выбран пункт 1
2025-12-25 22:45:21,341 - INFO - task1: выбран пункт 1
2025-12-25 22:45:32,000 - INFO - Массивы введены вручную
2025-12-25 22:45:35,193 - INFO - task1: выбран пункт 3
2025-12-25 22:45:35,193 - INFO - Подсчёт выполнен
2025-12-25 22:45:37,522 - INFO - task1: выбран пункт 4
2025-12-25 22:45:37,522 - INFO - Результат показан
2025-12-25 22:45:44,862 - INFO - task1: выбран пункт 5
2025-12-25 22:45:44,863 - INFO - Возврат в главное меню
2025-12-25 22:45:48,206 - INFO - task1: выбран пункт 2
2025-12-25 22:45:49,359 - INFO - Массивы сгенерированы случайно
2025-12-25 22:45:51,862 - INFO - task1: выбран пункт 3
2025-12-25 22:45:51,862 - INFO - Подсчёт выполнен
2025-12-25 22:45:53,091 - INFO - task1: выбран пункт 4
2025-12-25 22:45:53,091 - INFO - Результат показан
2025-12-25 22:45:54,808 - INFO - task1: выбран пункт 5
2025-12-25 22:45:54,808 - INFO - Возврат в главное меню
2025-12-25 22:46:03,721 - INFO - task2: выбран пункт 6
2025-12-25 22:46:03,722 - CRITICAL - Установлен уровень CRITICAL
2025-12-25 22:50:49,082 - INFO - task1: выбран пункт 1
2025-12-25 22:50:56,489 - INFO - Массивы введены вручную
2025-12-25 22:50:58,251 - INFO - task1: выбран пункт 3
2025-12-25 22:50:58,252 - INFO - Подсчёт выполнен
2025-12-25 22:50:59,703 - INFO - task1: выбран пункт 4
2025-12-25 22:50:59,703 - INFO - Результат показан
2025-12-25 22:51:04,215 - INFO - task1: выбран пункт 6
2025-12-25 22:51:04,216 - CRITICAL - Установлен уровень CRITICAL
2025-12-25 22:59:10,621 - INFO - Программа завершена пользователем
2025-12-25 23:01:38,645 - INFO - Программа завершена пользователем
2025-12-25 23:02:31,993 - INFO - Программа завершена пользователем
2025-12-25 23:02:40,129 - INFO - task1: выбран пункт 1
2025-12-25 23:02:42,480 - ERROR - Нужно ввести 4 чисел
2025-12-25 23:02:45,108 - INFO - task1: выбран пункт 2
2025-12-25 23:02:47,085 - ERROR - Размер массива должен быть положительным
2025-12-25 23:02:50,202 - INFO - task1: выбран пункт 3
2025-12-25 23:02:50,202 - ERROR - Массивы не заданы
2025-12-25 23:02:51,914 - INFO - task1: выбран пункт 4
2025-12-25 23:02:51,914 - INFO - Результат показан
2025-12-25 23:02:55,672 - INFO - task1: выбран пункт 6
2025-12-25 23:02:55,673 - CRITICAL - Установлен уровень CRITICAL
2025-12-25 23:05:13,949 - INFO - task3: выбран пункт 1
2025-12-25 23:06:51,252 - INFO - task3: выбран пункт 1
2025-12-25 23:06:55,083 - INFO - Массивы введены вручную и обработаны
2025-12-25 23:06:57,745 - INFO - task3: выбран пункт 3
2025-12-25 23:06:57,745 - INFO - Результаты выведены
2025-12-25 23:06:59,771 - INFO - task3: выбран пункт 4
2025-12-25 23:06:59,771 - INFO - Возврат в главное меню
2025-12-25 23:07:01,796 - INFO - Неверный выбор главного меню
2025-12-25 23:07:11,029 - INFO - task3: выбран пункт 2
2025-12-25 23:08:21,612 - INFO - task3: выбран пункт 2
2025-12-25 23:10:07,977 - INFO - task3: выбран пункт 2
2025-12-25 23:11:36,395 - INFO - task3: выбран пункт 2
2025-12-25 23:11:36,945 - INFO - Массивы сгенерированы и обработаны
2025-12-25 23:11:40,364 - INFO - task3: выбран пункт 3
2025-12-25 23:11:40,365 - INFO - Результаты выведены
2025-12-25 23:11:42,928 - INFO - task3: выбран пункт 1
2025-12-25 23:11:49,006 - INFO - Массивы введены вручную и обработаны
2025-12-25 23:11:53,358 - INFO - task3: выбран пункт 3
2025-12-25 23:11:53,358 - INFO - Результаты выведены
2025-12-25 23:11:54,381 - INFO - task3: выбран пункт 4
2025-12-25 23:11:54,381 - INFO - Возврат в главное меню
2025-12-25 23:11:56,944 - INFO - Программа завершена пользователем
2025-12-25 23:15:02,989 - INFO - Главное меню: выбран пункт 1
2025-12-25 23:15:06,436 - INFO - task1: выбран пункт 1
2025-12-25 23:15:17,843 - INFO - Массивы введены вручную
2025-12-25 23:15:20,102 - INFO - task1: выбран пункт 3
2025-12-25 23:15:20,103 - INFO - Подсчёт выполнен
2025-12-25 23:15:22,724 - INFO - task1: выбран пункт 4
2025-12-25 23:15:22,724 - INFO - Результат показан
2025-12-25 23:15:27,309 - INFO - task1: выбран пункт 5
2025-12-25 23:15:27,309 - INFO - Возврат в главное меню
2025-12-25 23:15:29,630 - INFO - Главное меню: выбран пункт 2
2025-12-25 23:15:35,249 - INFO - task2: выбран пункт 2
2025-12-25 23:15:36,926 - INFO - Массивы сгенерированы случайно
2025-12-25 23:15:43,456 - INFO - task2: выбран пункт 3
2025-12-25 23:15:43,457 - INFO - Вычисление выполнено
2025-12-25 23:15:46,320 - INFO - task2: выбран пункт 4
2025-12-25 23:15:46,320 - INFO - Результаты показаны
2025-12-25 23:15:49,647 - INFO - task2: выбран пункт 5
2025-12-25 23:15:49,647 - INFO - Возврат в главное меню
2025-12-25 23:15:55,814 - INFO - Главное меню: выбран пункт 3
2025-12-25 23:15:59,279 - INFO - task3: выбран пункт 2
2025-12-25 23:16:00,647 - INFO - Массивы сгенерированы и обработаны
2025-12-25 23:16:03,298 - INFO - task3: выбран пункт 3
2025-12-25 23:16:03,298 - INFO - Результаты выведены
2025-12-25 23:16:06,200 - INFO - task3: выбран пункт 4
2025-12-25 23:16:06,200 - INFO - Возврат в главное меню
2025-12-25 23:16:09,927 - INFO - Главное меню: выбран пункт 3
2025-12-25 23:16:13,612 - INFO - task3: выбран пункт 5
2025-12-25 23:16:13,612 - CRITICAL - Установлен уровень CRITICAL
