2025-12-19 17:28:03,337 - INFO - Сервер: инициализирован и готов к обработке запросов
2025-12-19 17:28:03,337 - INFO - ------------------------------------------------------------
2025-12-19 17:28:03,338 - INFO - ДЕМОНСТРАЦИЯ МНОГОПОТОЧНОСТИ В PYTHON
2025-12-19 17:28:03,338 - INFO - ------------------------------------------------------------
2025-12-19 17:28:03,338 - INFO - Сервер: один поток
2025-12-19 17:28:03,338 - INFO - Клиенты: каждый в отдельном потоке
2025-12-19 17:28:03,338 - INFO - ------------------------------------------------------------
2025-12-19 17:28:03,338 - INFO - Основной поток: ID 6140391424
2025-12-19 17:28:03,338 - INFO - Активные потоки: 5

2025-12-19 17:28:03,338 - INFO - Запуск автоматической демонстрации...
2025-12-19 17:28:03,338 - INFO - Клиенты будут выполнять команды автоматически

2025-12-19 17:28:03,464 - INFO - Клиент1: получен запрос на common
2025-12-19 17:28:06,360 - INFO - Клиент1: выполнен common
2025-12-19 17:28:06,360 - INFO - Клиент2: получен запрос на compute
2025-12-19 17:28:07,575 - INFO - Клиент2: выполнен compute
2025-12-19 17:28:07,576 - INFO - Клиент3: получен запрос на process
2025-12-19 17:28:10,488 - INFO - Клиент3: выполнен process
2025-12-19 17:28:10,489 - INFO - Клиент3: получен запрос на compute
2025-12-19 17:28:12,629 - INFO - Клиент3: выполнен compute
2025-12-19 17:28:12,629 - INFO - Клиент1: получен запрос на process
2025-12-19 17:28:15,298 - INFO - Клиент1: выполнен process
2025-12-19 17:28:15,298 - INFO - Клиент2: получен запрос на common
2025-12-19 17:28:17,511 - INFO - Клиент2: выполнен common
2025-12-19 17:28:17,511 - INFO - Клиент3: получен запрос на common
2025-12-19 17:28:18,585 - INFO - Клиент3: выполнен common
2025-12-19 17:28:18,629 - INFO - Сервер обработал 7 запросов
