2025-12-20 16:18:23,909 - INFO - Главное меню: ввод пользователя → 1
2025-12-20 16:18:23,913 - INFO - → Переход в task_1
2025-12-20 16:19:09,422 - INFO - Главное меню: ввод пользователя → 1
2025-12-20 16:19:09,423 - INFO - → Переход в task_1
2025-12-20 16:19:19,862 - INFO - task1 choice: 2 (state=NO_DATA)
2025-12-20 16:19:22,164 - INFO - Генерация случайного массива
2025-12-20 16:19:22,164 - INFO - Генерация случайного массива
2025-12-20 16:19:22,164 - INFO - task1: массивы сгенерированы
2025-12-20 16:19:26,699 - INFO - task1 choice: 3 (state=HAS_DATA)
2025-12-20 16:19:26,699 - INFO - task1: подсчёт выполнен
2025-12-20 16:19:28,829 - INFO - task1 choice: 4 (state=HAS_RESULT)
2025-12-20 16:19:28,830 - INFO - task1: результат показан
2025-12-20 16:19:30,943 - INFO - task1 choice: 8 (state=HAS_RESULT)
2025-12-20 16:19:30,943 - INFO - task1: неверный пункт меню
2025-12-20 16:19:38,314 - INFO - task1 choice: 5 (state=HAS_RESULT)
2025-12-20 16:19:38,315 - INFO - task1: возврат в главное меню
2025-12-20 16:19:41,519 - INFO - Главное меню: ввод пользователя → 5
2025-12-20 16:19:41,520 - WARNING - Main: неверный пункт меню
2025-12-20 16:19:55,999 - INFO - Главное меню: ввод пользователя → 2
2025-12-20 16:19:55,999 - INFO - → Переход в task_2
2025-12-20 16:19:57,504 - INFO - task2 choice: 1 state=NO_DATA
2025-12-20 16:20:03,258 - INFO - task2: ввод массива вручную
2025-12-20 16:20:06,030 - ERROR - task2 input error: Количество введённых чисел (3) не совпадает с заданным (2)
2025-12-20 16:20:11,377 - INFO - task2 choice: 1 state=HAS_DATA
2025-12-20 16:20:14,939 - INFO - task2: ввод массива вручную
2025-12-20 16:20:16,665 - INFO - task2: ввод массива вручную
2025-12-20 16:20:18,520 - INFO - task2: ввод массива вручную
2025-12-20 16:20:20,514 - INFO - task2: массивы введены вручную
2025-12-20 16:20:23,052 - INFO - task2 choice: 3 state=HAS_DATA
2025-12-20 16:20:23,053 - INFO - task2: check_sum()
2025-12-20 16:20:29,014 - INFO - task2 choice: 5 state=HAS_RESULT
2025-12-20 16:20:29,014 - INFO - task2: выход в главное меню
2025-12-20 16:20:29,014 - INFO - task2: возврат в главное меню
2025-12-20 16:20:31,324 - INFO - Главное меню: ввод пользователя → 3
2025-12-20 16:20:31,324 - INFO - → Переход в task_3
2025-12-20 16:20:34,716 - INFO - task3 choice: 2 (state=NO_DATA)
2025-12-20 16:20:38,430 - ERROR - Размер массива должен быть положительным
2025-12-20 16:20:41,576 - INFO - task3 choice: 2 (state=HAS_DATA)
2025-12-20 16:20:42,494 - INFO - task3: arrays generated and processed
2025-12-20 16:20:44,572 - INFO - task3 choice: 3 (state=HAS_DATA)
2025-12-20 16:20:44,573 - INFO - task3: result shown
2025-12-20 16:20:49,566 - INFO - task3 choice: 5 (state=HAS_DATA)
2025-12-20 16:20:49,567 - CRITICAL - task3 logging disabled
